<?xml version="1.0" encoding="UTF-8"?>
<!-- Generated by org.testng.reporters.JUnitReportReporter -->
<testsuite hostname="UK-01-02-12-071" name="testApps.KeywordsApp" tests="1" failures="0" timestamp="5 Jun 2014 16:03:45 GMT" time="5.660" errors="0">
  <testcase name="testApp" time="5.660" classname="testApps.KeywordsApp"/>
</testsuite> <!-- testApps.KeywordsApp -->
